<?xml version="1.0" encoding="UTF-8"?>
<!-- Generated by org.testng.reporters.JUnitReportReporter -->
<testsuite skipped="0" hostname="LAPTOP-GNMNFFS0" name="webDriver.MurcuryTourTest" tests="2" failures="0" timestamp="16 May 2017 13:50:59 GMT" time="7.490" errors="0">
  <testcase name="testInvalidSignon" time="2.074" classname="webDriver.MurcuryTourTest"/>
  <testcase name="testValidSignon" time="5.416" classname="webDriver.MurcuryTourTest"/>
</testsuite> <!-- webDriver.MurcuryTourTest -->
