<?xml version="1.0" encoding="UTF-8"?>
<!-- Generated by org.testng.reporters.JUnitReportReporter -->
<testsuite skipped="0" hostname="LAPTOP-GNMNFFS0" name="webDriver.CheckHplLogInPage" tests="1" failures="0" timestamp="14 Mar 2017 19:06:32 GMT" time="37.513" errors="0">
  <testcase name="checkTitle" time="37.513" classname="webDriver.CheckHplLogInPage"/>
</testsuite> <!-- webDriver.CheckHplLogInPage -->
