<?xml version="1.0" encoding="UTF-8"?>
<!-- Generated by org.testng.reporters.JUnitReportReporter -->
<testsuite skipped="1" hostname="LAPTOP-GNMNFFS0" name="webDriver.Sample" tests="4" failures="0" timestamp="28 Mar 2017 21:09:59 GMT" time="26.622" errors="0">
  <testcase name="lunchBrower" time="12.893" classname="webDriver.Sample"/>
  <testcase name="nevigatePage" time="13.677" classname="webDriver.Sample"/>
  <testcase name="closeBrowser" time="0.052" classname="webDriver.Sample"/>
  <testcase name="veryfyPageTitle" classname="webDriver.Sample">
    <skipped/>
  </testcase> <!-- veryfyPageTitle -->
</testsuite> <!-- webDriver.Sample -->
